# JRE version: Java(TM) SE Runtime Environment (8.0_333-b02) (build 1.8.0_333-b02)
# Java VM: Java HotSpot(TM) 64-Bit Server VM (25.333-b02 mixed mode windows-amd64 compressed oops)
Heap:
 PSYoungGen      total 8761856K, used 8761457K [0x000001ce2b580000, 0x000001d0c6000000, 0x000001d0c6000000)
  eden space 7555584K, 100% used [0x000001ce2b580000,0x000001cff8800000,0x000001cff8800000)
  from space 1206272K, 99% used [0x000001cff8800000,0x000001d04219c620,0x000001d042200000)
  to   space 1819136K, 59% used [0x000001d056f80000,0x000001d0989797f0,0x000001d0c6000000)
 ParOldGen       total 11238912K, used 3378659K [0x000001c8f6000000, 0x000001cba3f80000, 0x000001ce2b580000)
  object space 11238912K, 30% used [0x000001c8f6000000,0x000001c9c4378e90,0x000001cba3f80000)
 Metaspace       used 255853K, capacity 267307K, committed 267596K, reserved 1271808K
  class space    used 42900K, capacity 45827K, committed 45952K, reserved 1048576K
GC Heap History (10 events):
Event: 539.236 GC heap after
Heap after GC invocations=46 (full 5):
 PSYoungGen      total 9546240K, used 608376K [0x000001ce2b580000, 0x000001d0c6000000, 0x000001d0c6000000)
  eden space 8937472K, 0% used [0x000001ce2b580000,0x000001ce2b580000,0x000001d04cd80000)
  from space 608768K, 99% used [0x000001d04cd80000,0x000001d071f9e1f8,0x000001d072000000)
  to   space 1033728K, 0% used [0x000001d086e80000,0x000001d086e80000,0x000001d0c6000000)
 ParOldGen       total 11238912K, used 3112916K [0x000001c8f6000000, 0x000001cba3f80000, 0x000001ce2b580000)
  object space 11238912K, 27% used [0x000001c8f6000000,0x000001c9b3ff50e8,0x000001cba3f80000)
 Metaspace       used 247368K, capacity 257627K, committed 257868K, reserved 1263616K
  class space    used 41649K, capacity 44361K, committed 44416K, reserved 1048576K
}
Event: 566.463 GC heap before
{Heap before GC invocations=47 (full 5):
 PSYoungGen      total 9546240K, used 9545848K [0x000001ce2b580000, 0x000001d0c6000000, 0x000001d0c6000000)
  eden space 8937472K, 100% used [0x000001ce2b580000,0x000001d04cd80000,0x000001d04cd80000)
  from space 608768K, 99% used [0x000001d04cd80000,0x000001d071f9e1f8,0x000001d072000000)
  to   space 1033728K, 0% used [0x000001d086e80000,0x000001d086e80000,0x000001d0c6000000)
 ParOldGen       total 11238912K, used 3112916K [0x000001c8f6000000, 0x000001cba3f80000, 0x000001ce2b580000)
  object space 11238912K, 27% used [0x000001c8f6000000,0x000001c9b3ff50e8,0x000001cba3f80000)
 Metaspace       used 255075K, capacity 266379K, committed 266700K, reserved 1269760K
  class space    used 42821K, capacity 45751K, committed 45824K, reserved 1048576K
Event: 567.225 GC heap after
Heap after GC invocations=47 (full 5):
 PSYoungGen      total 9323520K, used 1033726K [0x000001ce2b580000, 0x000001d0c6000000, 0x000001d0c6000000)
  eden space 8289792K, 0% used [0x000001ce2b580000,0x000001ce2b580000,0x000001d025500000)
  from space 1033728K, 99% used [0x000001d086e80000,0x000001d0c5fff9e8,0x000001d0c6000000)
  to   space 1316352K, 0% used [0x000001d025500000,0x000001d025500000,0x000001d075a80000)
 ParOldGen       total 11238912K, used 3324257K [0x000001c8f6000000, 0x000001cba3f80000, 0x000001ce2b580000)
  object space 11238912K, 29% used [0x000001c8f6000000,0x000001c9c0e58788,0x000001cba3f80000)
 Metaspace       used 255075K, capacity 266379K, committed 266700K, reserved 1269760K
  class space    used 42821K, capacity 45751K, committed 45824K, reserved 1048576K
}
Event: 573.005 GC heap before
{Heap before GC invocations=48 (full 5):
 PSYoungGen      total 9323520K, used 9323518K [0x000001ce2b580000, 0x000001d0c6000000, 0x000001d0c6000000)
  eden space 8289792K, 100% used [0x000001ce2b580000,0x000001d025500000,0x000001d025500000)
  from space 1033728K, 99% used [0x000001d086e80000,0x000001d0c5fff9e8,0x000001d0c6000000)
  to   space 1316352K, 0% used [0x000001d025500000,0x000001d025500000,0x000001d075a80000)
 ParOldGen       total 11238912K, used 3324257K [0x000001c8f6000000, 0x000001cba3f80000, 0x000001ce2b580000)
  object space 11238912K, 29% used [0x000001c8f6000000,0x000001c9c0e58788,0x000001cba3f80000)
 Metaspace       used 255576K, capacity 267015K, committed 267340K, reserved 1271808K
  class space    used 42888K, capacity 45827K, committed 45952K, reserved 1048576K
Event: 573.607 GC heap after
Heap after GC invocations=48 (full 5):
 PSYoungGen      total 9462784K, used 1172498K [0x000001ce2b580000, 0x000001d0c6000000, 0x000001d0c6000000)
  eden space 8289792K, 0% used [0x000001ce2b580000,0x000001ce2b580000,0x000001d025500000)
  from space 1172992K, 99% used [0x000001d025500000,0x000001d06ce04bb0,0x000001d06ce80000)
  to   space 1459712K, 0% used [0x000001d06ce80000,0x000001d06ce80000,0x000001d0c6000000)
 ParOldGen       total 11238912K, used 3325073K [0x000001c8f6000000, 0x000001cba3f80000, 0x000001ce2b580000)
  object space 11238912K, 29% used [0x000001c8f6000000,0x000001c9c0f24798,0x000001cba3f80000)
 Metaspace       used 255576K, capacity 267015K, committed 267340K, reserved 1271808K
  class space    used 42888K, capacity 45827K, committed 45952K, reserved 1048576K
}
Event: 575.788 GC heap before
{Heap before GC invocations=49 (full 5):
 PSYoungGen      total 9462784K, used 9462290K [0x000001ce2b580000, 0x000001d0c6000000, 0x000001d0c6000000)
  eden space 8289792K, 100% used [0x000001ce2b580000,0x000001d025500000,0x000001d025500000)
  from space 1172992K, 99% used [0x000001d025500000,0x000001d06ce04bb0,0x000001d06ce80000)
  to   space 1459712K, 0% used [0x000001d06ce80000,0x000001d06ce80000,0x000001d0c6000000)
 ParOldGen       total 11238912K, used 3325073K [0x000001c8f6000000, 0x000001cba3f80000, 0x000001ce2b580000)
  object space 11238912K, 29% used [0x000001c8f6000000,0x000001c9c0f24798,0x000001cba3f80000)
 Metaspace       used 255579K, capacity 267015K, committed 267340K, reserved 1271808K
  class space    used 42888K, capacity 45827K, committed 45952K, reserved 1048576K
Event: 576.330 GC heap after
Heap after GC invocations=49 (full 5):
 PSYoungGen      total 9015296K, used 1189895K [0x000001ce2b580000, 0x000001d0c6000000, 0x000001d0c6000000)
  eden space 7555584K, 0% used [0x000001ce2b580000,0x000001ce2b580000,0x000001cff8800000)
  from space 1459712K, 81% used [0x000001d06ce80000,0x000001d0b5881e78,0x000001d0c6000000)
  to   space 1683456K, 0% used [0x000001cff8800000,0x000001cff8800000,0x000001d05f400000)
 ParOldGen       total 11238912K, used 3325825K [0x000001c8f6000000, 0x000001cba3f80000, 0x000001ce2b580000)
  object space 11238912K, 29% used [0x000001c8f6000000,0x000001c9c0fe0798,0x000001cba3f80000)
 Metaspace       used 255579K, capacity 267015K, committed 267340K, reserved 1271808K
  class space    used 42888K, capacity 45827K, committed 45952K, reserved 1048576K
}
Event: 581.365 GC heap before
{Heap before GC invocations=50 (full 5):
 PSYoungGen      total 9015296K, used 8745479K [0x000001ce2b580000, 0x000001d0c6000000, 0x000001d0c6000000)
  eden space 7555584K, 100% used [0x000001ce2b580000,0x000001cff8800000,0x000001cff8800000)
  from space 1459712K, 81% used [0x000001d06ce80000,0x000001d0b5881e78,0x000001d0c6000000)
  to   space 1683456K, 0% used [0x000001cff8800000,0x000001cff8800000,0x000001d05f400000)
 ParOldGen       total 11238912K, used 3325825K [0x000001c8f6000000, 0x000001cba3f80000, 0x000001ce2b580000)
  object space 11238912K, 29% used [0x000001c8f6000000,0x000001c9c0fe0798,0x000001cba3f80000)
 Metaspace       used 255657K, capacity 267087K, committed 267340K, reserved 1271808K
  class space    used 42889K, capacity 45827K, committed 45952K, reserved 1048576K
Event: 581.895 GC heap after
Heap after GC invocations=50 (full 5):
 PSYoungGen      total 8761856K, used 1205873K [0x000001ce2b580000, 0x000001d0c6000000, 0x000001d0c6000000)
  eden space 7555584K, 0% used [0x000001ce2b580000,0x000001ce2b580000,0x000001cff8800000)
  from space 1206272K, 99% used [0x000001cff8800000,0x000001d04219c620,0x000001d042200000)
  to   space 1819136K, 0% used [0x000001d056f80000,0x000001d056f80000,0x000001d0c6000000)
 ParOldGen       total 11238912K, used 3326817K [0x000001c8f6000000, 0x000001cba3f80000, 0x000001ce2b580000)
  object space 11238912K, 29% used [0x000001c8f6000000,0x000001c9c10d87a8,0x000001cba3f80000)
 Metaspace       used 255657K, capacity 267087K, committed 267340K, reserved 1271808K
  class space    used 42889K, capacity 45827K, committed 45952K, reserved 1048576K
}
Event: 585.967 GC heap before
{Heap before GC invocations=51 (full 5):
 PSYoungGen      total 8761856K, used 8761457K [0x000001ce2b580000, 0x000001d0c6000000, 0x000001d0c6000000)
  eden space 7555584K, 100% used [0x000001ce2b580000,0x000001cff8800000,0x000001cff8800000)
  from space 1206272K, 99% used [0x000001cff8800000,0x000001d04219c620,0x000001d042200000)
  to   space 1819136K, 0% used [0x000001d056f80000,0x000001d056f80000,0x000001d0c6000000)
 ParOldGen       total 11238912K, used 3326817K [0x000001c8f6000000, 0x000001cba3f80000, 0x000001ce2b580000)
  object space 11238912K, 29% used [0x000001c8f6000000,0x000001c9c10d87a8,0x000001cba3f80000)
 Metaspace       used 255853K, capacity 267307K, committed 267596K, reserved 1271808K
  class space    used 42900K, capacity 45827K, committed 45952K, reserved 1048576K

